\\vmware-host\shared folders\documents\github\auctf-2020\reversing\rev4\release\rev4.exe
\\vmware-host\shared folders\documents\github\auctf-2020\reversing\rev4\release\rev4.pdb
\\vmware-host\shared folders\documents\github\auctf-2020\reversing\rev4\release\resource.res
\\vmware-host\shared folders\documents\github\auctf-2020\reversing\rev4\release\rev4.ipdb
\\vmware-host\shared folders\documents\github\auctf-2020\reversing\rev4\release\rev4.iobj
\\vmware-host\shared folders\documents\github\auctf-2020\reversing\rev4\release\vc142.pdb
\\vmware-host\shared folders\documents\github\auctf-2020\reversing\rev4\release\resource.obj
\\vmware-host\shared folders\documents\github\auctf-2020\reversing\rev4\release\client.ipdb
\\vmware-host\shared folders\documents\github\auctf-2020\reversing\rev4\release\server.ipdb
\\vmware-host\shared folders\documents\github\auctf-2020\reversing\rev4\release\server.iobj
\\vmware-host\shared folders\documents\github\auctf-2020\reversing\rev4\release\client.iobj
\\vmware-host\shared folders\documents\github\auctf-2020\reversing\rev4\release\client.pdb
\\vmware-host\shared folders\documents\github\auctf-2020\reversing\rev4\release\server.pdb
\\vmware-host\shared folders\documents\github\auctf-2020\reversing\rev4\release\rev4.tlog\link.read.1.tlog
\\vmware-host\shared folders\documents\github\auctf-2020\reversing\rev4\release\rev4.tlog\link.command.1.tlog
\\vmware-host\shared folders\documents\github\auctf-2020\reversing\rev4\release\rev4.tlog\rc.command.1.tlog
\\vmware-host\shared folders\documents\github\auctf-2020\reversing\rev4\release\rev4.tlog\link.write.1.tlog
\\vmware-host\shared folders\documents\github\auctf-2020\reversing\rev4\release\rev4.tlog\cl.read.1.tlog
\\vmware-host\shared folders\documents\github\auctf-2020\reversing\rev4\release\rev4.tlog\rc.write.1.tlog
\\vmware-host\shared folders\documents\github\auctf-2020\reversing\rev4\release\rev4.tlog\cl.command.1.tlog
\\vmware-host\shared folders\documents\github\auctf-2020\reversing\rev4\release\rev4.tlog\rev4.write.1u.tlog
\\vmware-host\shared folders\documents\github\auctf-2020\reversing\rev4\release\rev4.tlog\rc.read.1.tlog
\\vmware-host\shared folders\documents\github\auctf-2020\reversing\rev4\release\rev4.tlog\cl.write.1.tlog
